<?xml version="1.0" encoding="UTF-8"?>
<!-- Generated by org.testng.reporters.JUnitReportReporter -->
<testsuite hostname="DESKTOP-401KMEB" failures="0" tests="1" name="Testcases.LoginApplication" time="204.989" errors="0" timestamp="2022-05-31T12:44:00 IST" skipped="0">
  <testcase classname="Testcases.LoginApplication" name="Login" time="204.989"/>
  <system-out/>
</testsuite> <!-- Testcases.LoginApplication -->
